2025-04-18 03:38:31,800 - resume_parser - ERROR - JSON parsing error: Expecting ',' delimiter: line 59 column 6 (char 3569)
2025-04-18 03:38:31,800 - resume_parser - DEBUG - Problematic JSON string: {
  "summary": "I’m looking for the right organization where I can make a meaningful impact. I excel in helping smaller organizations get to the next level by focusing on operational scale, automation, and cross-team orchestration. I’ve worked in various roles, from Solutions Engineer to DevOps Engineer, demonstrating strong communication, technical leadership, and problem-solving skills.",
  "experience": [
    {
      "company": "FedSoft",
      "title": "Senior Cloud SME",
      "start_date": "2023-01",
      "end_date": "2024-01",
      "location": "Remote",
      "description": "Leading efforts to build Infrastructure as Code (IaC) codebase and CI/CD workflows using Terraform. Working on providing Terraform Enterprise functionality through Github Actions, integrating with AWS services to deploy managed execution environments across all internal AWS accounts for the US Census."
    },
    {
      "company": "Clover",
      "title": "Infra Architect",
      "start_date": "2022-01",
      "end_date": "2023-01",
      "location": "SunnyVale",
      "description": "Led projects modernizing Infrastructure as Code and automation tools, leveraging Terraform, Packer, Ansible, and custom Python scripts. Managed teams of 3-4 engineers from various platform teams."
    },
    {
      "company": "Clover",
      "title": "Infrastructure Engineer III",
      "start_date": "2020-01",
      "end_date": "2022-01",
      "location": "SunnyVale",
      "description": "Designed, built, deployed, and managed supporting services in development and production environments. Served as Terraform SME, responsible for all Terraform workspace management tasks. Trained personnel in Terraform and Sentinel. Led development efforts in Terraform module testing, transitioning from Terratest to a custom Ansible-based solution."
    },
    {
      "company": "Harness",
      "title": "Sr. DevOps Engineer",
      "start_date": "2019-01",
      "end_date": "2020-01",
      "location": "San Francisco",
      "description": "Designed, built, deployed, and managed supporting services, focusing on monitoring and operational aspects. Delivered solutions for templatizing compute resource creation in GCP and AWS. Provisioned and maintained Kubernetes clusters, deploying services using Harness Application and Terraform."
    },
    {
      "company": "Hashicorp",
      "title": "Sr. Solutions Engineer",
      "start_date": "2018-01",
      "end_date": "2019-01",
      "location": "San Francisco",
      "description": "Built demo environments using Terraform, Vault, and Consul. Engaged with enterprise customers, driving sales through technical discussions and workshops with executives."
    },
    {
      "company": "HappyPathway",
      "title": "Chief Solutions Architect",
      "start_date": "2016-01",
      "end_date": "Present",
      "location": "Petaluma",
      "description": "Facilitated business-to-business contracts, focusing on implementing DevOps best practices with clients. Utilized tools like Docker, Terraform, Chef, Ansible, Jenkins, Kubernetes, and serverless technologies (Firebase, AWS Lambda)."
    },
    {
      "company": "SyncHR",
      "title": "Site Reliability Engineer",
      "start_date": "2017-01",
      "end_date": "2018-01",
      "location": "Oakland",
      "description": "Migrated infrastructure from snowflakes to cattle using Ansible, Chef, Packer, Docker, Terraform, Consul, and Vault. Worked towards immutable infrastructure in AWS, transitioning from lengthy provisioning processes in RackSpace and Hostway."
    }
2025-04-18 03:38:31,800 - resume_parser - INFO - Successfully processed resume from /Users/darnold/git/jobsearch/docs/Resume.pdf
